


ARM Macro Assembler    Page 1 


    1 00000000                 PRESERVE8
    2 00000000                 THUMB
    3 00000000                 import           LeSignal
    4 00000000                 export           DFT_ModuleAuCarre
    5 00000000         ; ====================== zone de réservation de données,
                         ======================================
    6 00000000         ;Section RAM (read only) :
    7 00000000                 area             mesdata,data,readonly
    8 00000000         
    9 00000000         
   10 00000000         ;Section RAM (read write):
   11 00000000                 area             maram,data,readwrite
   12 00000000         
   13 00000000         
   14 00000000         
   15 00000000         ; ======================================================
                       =========================================
   16 00000000         
   17 00000000         
   18 00000000         
   19 00000000         
   20 00000000         ;Section ROM code (read only) :  
   21 00000000                 area             moncode,code,readonly
   22 00000000         ; écrire le code ici  
   23 00000000         
   24 00000000         DFT_ModuleAuCarre
                               proc
   25 00000000         
   26 00000000         ;short int * tab = Signal64ech;
   27 00000000         ; short int somme = 0;
   28 00000000         ;for (int i=0; i<64;i++){
   29 00000000         ; somme += *tab * tabcos
   30 00000000         ; &tab += 1; 
   31 00000000         
   32 00000000         ;initialisation variable
   33 00000000 E92D 1FF0       push{R4,R5,R6,R7,R8,R9,R10,R11,R12}
   34 00000004 F04F 0200       mov              R2,#0
   35 00000008 F04F 0700       mov              R7,#0
   36 0000000C F04F 0C00       mov              R12,#0
   37 00000010         Boucle
   38 00000010         
   39 00000010         ;R0 = adresse Signal
   40 00000010         ;R1 = K
   41 00000010         
   42 00000010 4C0F            LDR              R4,=TabCos
   43 00000012 F8DF A040       LDR              R10,=TabSin
   44 00000016         
   45 00000016         
   46 00000016         ; on regarde dans les tableaux
   47 00000016 F930 9012       LDRSH            R9,[R0,R2,lsl#1] ; tab signal
   48 0000001A FB02 F501       MUL              R5,R2,R1    ;R5 = k*n
   49 0000001E         ;modulo
   50 0000001E         ; P And masque &0x003F
   51 0000001E F005 053F       AND              R5,#63
   52 00000022         
   53 00000022         ;on regarde dans les tableaux cos et sin
   54 00000022 F934 6015       LDRSH            R6,[R4,R5,lsl#1] ; tab cos
   55 00000026 F93A B015       LDRSH            R11,[R10,R5,lsl#1] ;tab sin
   56 0000002A         



ARM Macro Assembler    Page 2 


   57 0000002A         ;calcul
   58 0000002A         ;multiplication X(n) * cos()
   59 0000002A FB09 F506       MUL              R5,R9,R6
   60 0000002E         ;somme
   61 0000002E 442F            ADD              R7,R7,R5
   62 00000030         
   63 00000030         ;multipliction X(n) * Sin
   64 00000030 FB09 F50B       MUL              R5,R9,R11
   65 00000034         ;somme 
   66 00000034 44AC            ADD              R12,R12,R5
   67 00000036         
   68 00000036         ;Format 5.27
   69 00000036         
   70 00000036         
   71 00000036         
   72 00000036         
   73 00000036         ;incrementation de l'index
   74 00000036         ; R2 = R2 +1
   75 00000036 F102 0201       ADD              R2,R2,#1
   76 0000003A         
   77 0000003A         
   78 0000003A         
   79 0000003A         
   80 0000003A         
   81 0000003A         
   82 0000003A         
   83 0000003A 2A40            CMP              R2,#64
   84 0000003C DBE8            BLT              Boucle
   85 0000003E         
   86 0000003E         
   87 0000003E         ;on met dans r0 le résultat a retourner 
   88 0000003E FB87 5907       SMULL            R5,R9,R7,R7
   89 00000042 FBCC 590C       SMLAL            R5,R9,R12,R12
   90 00000046         ;Format 10.22
   91 00000046 4648            MOV              R0,R9       ; cos et sin
   92 00000048         ;MOV R0,R12 ; on regarde sin
   93 00000048         
   94 00000048         
   95 00000048 E8BD 1FF0       pop{R4,R5,R6,R7,R8,R9,R10,R11,R12}
   96 0000004C 4770            bx               lr
   97 0000004E         
   98 0000004E                 endp
   99 0000004E         
  100 0000004E         
  101 0000004E         
  102 0000004E         ;Section ROM code (read only) :  
  103 0000004E 00 00 00000000 
              00000000         AREA             Trigo, DATA, READONLY
  104 00000000         ; codage fractionnaire 1.15
  105 00000000         
  106 00000000         TabCos
  107 00000000 FF 7F           DCW              32767       ;  0 0x7fff  0.9999
                                                            7
  108 00000002 62 7F           DCW              32610       ;  1 0x7f62  0.9951
                                                            8
  109 00000004 8A 7D           DCW              32138       ;  2 0x7d8a  0.9807
                                                            7
  110 00000006 7D 7A           DCW              31357       ;  3 0x7a7d  0.9569
                                                            4



ARM Macro Assembler    Page 3 


  111 00000008 42 76           DCW              30274       ;  4 0x7642  0.9238
                                                            9
  112 0000000A E3 70           DCW              28899       ;  5 0x70e3  0.8819
                                                            3
  113 0000000C 6E 6A           DCW              27246       ;  6 0x6a6e  0.8314
                                                            8
  114 0000000E F2 62           DCW              25330       ;  7 0x62f2  0.7730
                                                            1
  115 00000010 82 5A           DCW              23170       ;  8 0x5a82  0.7070
                                                            9
  116 00000012 34 51           DCW              20788       ;  9 0x5134  0.6344
                                                            0
  117 00000014 1D 47           DCW              18205       ; 10 0x471d  0.5555
                                                            7
  118 00000016 57 3C           DCW              15447       ; 11 0x3c57  0.4714
                                                            1
  119 00000018 FC 30           DCW              12540       ; 12 0x30fc  0.3826
                                                            9
  120 0000001A 28 25           DCW              9512        ; 13 0x2528  0.2902
                                                            8
  121 0000001C F9 18           DCW              6393        ; 14 0x18f9  0.1951
                                                            0
  122 0000001E 8C 0C           DCW              3212        ; 15 0x0c8c  0.0980
                                                            2
  123 00000020 00 00           DCW              0           ; 16 0x0000  0.0000
                                                            0
  124 00000022 74 F3           DCW              -3212       ; 17 0xf374 -0.0980
                                                            2
  125 00000024 07 E7           DCW              -6393       ; 18 0xe707 -0.1951
                                                            0
  126 00000026 D8 DA           DCW              -9512       ; 19 0xdad8 -0.2902
                                                            8
  127 00000028 04 CF           DCW              -12540      ; 20 0xcf04 -0.3826
                                                            9
  128 0000002A A9 C3           DCW              -15447      ; 21 0xc3a9 -0.4714
                                                            1
  129 0000002C E3 B8           DCW              -18205      ; 22 0xb8e3 -0.5555
                                                            7
  130 0000002E CC AE           DCW              -20788      ; 23 0xaecc -0.6344
                                                            0
  131 00000030 7E A5           DCW              -23170      ; 24 0xa57e -0.7070
                                                            9
  132 00000032 0E 9D           DCW              -25330      ; 25 0x9d0e -0.7730
                                                            1
  133 00000034 92 95           DCW              -27246      ; 26 0x9592 -0.8314
                                                            8
  134 00000036 1D 8F           DCW              -28899      ; 27 0x8f1d -0.8819
                                                            3
  135 00000038 BE 89           DCW              -30274      ; 28 0x89be -0.9238
                                                            9
  136 0000003A 83 85           DCW              -31357      ; 29 0x8583 -0.9569
                                                            4
  137 0000003C 76 82           DCW              -32138      ; 30 0x8276 -0.9807
                                                            7
  138 0000003E 9E 80           DCW              -32610      ; 31 0x809e -0.9951
                                                            8
  139 00000040 00 80           DCW              -32768      ; 32 0x8000 -1.0000
                                                            0
  140 00000042 9E 80           DCW              -32610      ; 33 0x809e -0.9951



ARM Macro Assembler    Page 4 


                                                            8
  141 00000044 76 82           DCW              -32138      ; 34 0x8276 -0.9807
                                                            7
  142 00000046 83 85           DCW              -31357      ; 35 0x8583 -0.9569
                                                            4
  143 00000048 BE 89           DCW              -30274      ; 36 0x89be -0.9238
                                                            9
  144 0000004A 1D 8F           DCW              -28899      ; 37 0x8f1d -0.8819
                                                            3
  145 0000004C 92 95           DCW              -27246      ; 38 0x9592 -0.8314
                                                            8
  146 0000004E 0E 9D           DCW              -25330      ; 39 0x9d0e -0.7730
                                                            1
  147 00000050 7E A5           DCW              -23170      ; 40 0xa57e -0.7070
                                                            9
  148 00000052 CC AE           DCW              -20788      ; 41 0xaecc -0.6344
                                                            0
  149 00000054 E3 B8           DCW              -18205      ; 42 0xb8e3 -0.5555
                                                            7
  150 00000056 A9 C3           DCW              -15447      ; 43 0xc3a9 -0.4714
                                                            1
  151 00000058 04 CF           DCW              -12540      ; 44 0xcf04 -0.3826
                                                            9
  152 0000005A D8 DA           DCW              -9512       ; 45 0xdad8 -0.2902
                                                            8
  153 0000005C 07 E7           DCW              -6393       ; 46 0xe707 -0.1951
                                                            0
  154 0000005E 74 F3           DCW              -3212       ; 47 0xf374 -0.0980
                                                            2
  155 00000060 00 00           DCW              0           ; 48 0x0000  0.0000
                                                            0
  156 00000062 8C 0C           DCW              3212        ; 49 0x0c8c  0.0980
                                                            2
  157 00000064 F9 18           DCW              6393        ; 50 0x18f9  0.1951
                                                            0
  158 00000066 28 25           DCW              9512        ; 51 0x2528  0.2902
                                                            8
  159 00000068 FC 30           DCW              12540       ; 52 0x30fc  0.3826
                                                            9
  160 0000006A 57 3C           DCW              15447       ; 53 0x3c57  0.4714
                                                            1
  161 0000006C 1D 47           DCW              18205       ; 54 0x471d  0.5555
                                                            7
  162 0000006E 34 51           DCW              20788       ; 55 0x5134  0.6344
                                                            0
  163 00000070 82 5A           DCW              23170       ; 56 0x5a82  0.7070
                                                            9
  164 00000072 F2 62           DCW              25330       ; 57 0x62f2  0.7730
                                                            1
  165 00000074 6E 6A           DCW              27246       ; 58 0x6a6e  0.8314
                                                            8
  166 00000076 E3 70           DCW              28899       ; 59 0x70e3  0.8819
                                                            3
  167 00000078 42 76           DCW              30274       ; 60 0x7642  0.9238
                                                            9
  168 0000007A 7D 7A           DCW              31357       ; 61 0x7a7d  0.9569
                                                            4
  169 0000007C 8A 7D           DCW              32138       ; 62 0x7d8a  0.9807
                                                            7



ARM Macro Assembler    Page 5 


  170 0000007E 62 7F           DCW              32610       ; 63 0x7f62  0.9951
                                                            8
  171 00000080         TabSin
  172 00000080 00 00           DCW              0           ;  0 0x0000  0.0000
                                                            0
  173 00000082 8C 0C           DCW              3212        ;  1 0x0c8c  0.0980
                                                            2
  174 00000084 F9 18           DCW              6393        ;  2 0x18f9  0.1951
                                                            0
  175 00000086 28 25           DCW              9512        ;  3 0x2528  0.2902
                                                            8
  176 00000088 FC 30           DCW              12540       ;  4 0x30fc  0.3826
                                                            9
  177 0000008A 57 3C           DCW              15447       ;  5 0x3c57  0.4714
                                                            1
  178 0000008C 1D 47           DCW              18205       ;  6 0x471d  0.5555
                                                            7
  179 0000008E 34 51           DCW              20788       ;  7 0x5134  0.6344
                                                            0
  180 00000090 82 5A           DCW              23170       ;  8 0x5a82  0.7070
                                                            9
  181 00000092 F2 62           DCW              25330       ;  9 0x62f2  0.7730
                                                            1
  182 00000094 6E 6A           DCW              27246       ; 10 0x6a6e  0.8314
                                                            8
  183 00000096 E3 70           DCW              28899       ; 11 0x70e3  0.8819
                                                            3
  184 00000098 42 76           DCW              30274       ; 12 0x7642  0.9238
                                                            9
  185 0000009A 7D 7A           DCW              31357       ; 13 0x7a7d  0.9569
                                                            4
  186 0000009C 8A 7D           DCW              32138       ; 14 0x7d8a  0.9807
                                                            7
  187 0000009E 62 7F           DCW              32610       ; 15 0x7f62  0.9951
                                                            8
  188 000000A0 FF 7F           DCW              32767       ; 16 0x7fff  0.9999
                                                            7
  189 000000A2 62 7F           DCW              32610       ; 17 0x7f62  0.9951
                                                            8
  190 000000A4 8A 7D           DCW              32138       ; 18 0x7d8a  0.9807
                                                            7
  191 000000A6 7D 7A           DCW              31357       ; 19 0x7a7d  0.9569
                                                            4
  192 000000A8 42 76           DCW              30274       ; 20 0x7642  0.9238
                                                            9
  193 000000AA E3 70           DCW              28899       ; 21 0x70e3  0.8819
                                                            3
  194 000000AC 6E 6A           DCW              27246       ; 22 0x6a6e  0.8314
                                                            8
  195 000000AE F2 62           DCW              25330       ; 23 0x62f2  0.7730
                                                            1
  196 000000B0 82 5A           DCW              23170       ; 24 0x5a82  0.7070
                                                            9
  197 000000B2 34 51           DCW              20788       ; 25 0x5134  0.6344
                                                            0
  198 000000B4 1D 47           DCW              18205       ; 26 0x471d  0.5555
                                                            7
  199 000000B6 57 3C           DCW              15447       ; 27 0x3c57  0.4714
                                                            1



ARM Macro Assembler    Page 6 


  200 000000B8 FC 30           DCW              12540       ; 28 0x30fc  0.3826
                                                            9
  201 000000BA 28 25           DCW              9512        ; 29 0x2528  0.2902
                                                            8
  202 000000BC F9 18           DCW              6393        ; 30 0x18f9  0.1951
                                                            0
  203 000000BE 8C 0C           DCW              3212        ; 31 0x0c8c  0.0980
                                                            2
  204 000000C0 00 00           DCW              0           ; 32 0x0000  0.0000
                                                            0
  205 000000C2 74 F3           DCW              -3212       ; 33 0xf374 -0.0980
                                                            2
  206 000000C4 07 E7           DCW              -6393       ; 34 0xe707 -0.1951
                                                            0
  207 000000C6 D8 DA           DCW              -9512       ; 35 0xdad8 -0.2902
                                                            8
  208 000000C8 04 CF           DCW              -12540      ; 36 0xcf04 -0.3826
                                                            9
  209 000000CA A9 C3           DCW              -15447      ; 37 0xc3a9 -0.4714
                                                            1
  210 000000CC E3 B8           DCW              -18205      ; 38 0xb8e3 -0.5555
                                                            7
  211 000000CE CC AE           DCW              -20788      ; 39 0xaecc -0.6344
                                                            0
  212 000000D0 7E A5           DCW              -23170      ; 40 0xa57e -0.7070
                                                            9
  213 000000D2 0E 9D           DCW              -25330      ; 41 0x9d0e -0.7730
                                                            1
  214 000000D4 92 95           DCW              -27246      ; 42 0x9592 -0.8314
                                                            8
  215 000000D6 1D 8F           DCW              -28899      ; 43 0x8f1d -0.8819
                                                            3
  216 000000D8 BE 89           DCW              -30274      ; 44 0x89be -0.9238
                                                            9
  217 000000DA 83 85           DCW              -31357      ; 45 0x8583 -0.9569
                                                            4
  218 000000DC 76 82           DCW              -32138      ; 46 0x8276 -0.9807
                                                            7
  219 000000DE 9E 80           DCW              -32610      ; 47 0x809e -0.9951
                                                            8
  220 000000E0 00 80           DCW              -32768      ; 48 0x8000 -1.0000
                                                            0
  221 000000E2 9E 80           DCW              -32610      ; 49 0x809e -0.9951
                                                            8
  222 000000E4 76 82           DCW              -32138      ; 50 0x8276 -0.9807
                                                            7
  223 000000E6 83 85           DCW              -31357      ; 51 0x8583 -0.9569
                                                            4
  224 000000E8 BE 89           DCW              -30274      ; 52 0x89be -0.9238
                                                            9
  225 000000EA 1D 8F           DCW              -28899      ; 53 0x8f1d -0.8819
                                                            3
  226 000000EC 92 95           DCW              -27246      ; 54 0x9592 -0.8314
                                                            8
  227 000000EE 0E 9D           DCW              -25330      ; 55 0x9d0e -0.7730
                                                            1
  228 000000F0 7E A5           DCW              -23170      ; 56 0xa57e -0.7070
                                                            9
  229 000000F2 CC AE           DCW              -20788      ; 57 0xaecc -0.6344



ARM Macro Assembler    Page 7 


                                                            0
  230 000000F4 E3 B8           DCW              -18205      ; 58 0xb8e3 -0.5555
                                                            7
  231 000000F6 A9 C3           DCW              -15447      ; 59 0xc3a9 -0.4714
                                                            1
  232 000000F8 04 CF           DCW              -12540      ; 60 0xcf04 -0.3826
                                                            9
  233 000000FA D8 DA           DCW              -9512       ; 61 0xdad8 -0.2902
                                                            8
  234 000000FC 07 E7           DCW              -6393       ; 62 0xe707 -0.1951
                                                            0
  235 000000FE 74 F3           DCW              -3212       ; 63 0xf374 -0.0980
                                                            2
  236 00000100         
  237 00000100         
  238 00000100         
  239 00000100         
  240 00000100                 END
Command Line: --debug --xref --diag_suppress=9931 --cpu=Cortex-M3 --apcs=interw
ork --depend=.\obj\dft.d -o.\obj\dft.o -I.\RTE\_CibleSondeKEIL -IC:\Programdata
\Keil\Arm\Packs\ARM\CMSIS\5.7.0\CMSIS\Core\Include -IC:\Programdata\Keil\Arm\Pa
cks\Keil\STM32F1xx_DFP\2.3.0\Device\Include --predefine="__EVAL SETA 1" --prede
fine="__MICROLIB SETA 1" --predefine="__UVISION_VERSION SETA 530" --predefine="
_RTE_ SETA 1" --predefine="STM32F10X_MD SETA 1" --predefine="_RTE_ SETA 1" --li
st=dft.lst Src\DFT.s



ARM Macro Assembler    Page 1 Alphabetic symbol ordering
Relocatable symbols

mesdata 00000000

Symbol: mesdata
   Definitions
      At line 7 in file Src\DFT.s
   Uses
      None
Comment: mesdata unused
1 symbol



ARM Macro Assembler    Page 1 Alphabetic symbol ordering
Relocatable symbols

maram 00000000

Symbol: maram
   Definitions
      At line 11 in file Src\DFT.s
   Uses
      None
Comment: maram unused
1 symbol



ARM Macro Assembler    Page 1 Alphabetic symbol ordering
Relocatable symbols

Boucle 00000010

Symbol: Boucle
   Definitions
      At line 37 in file Src\DFT.s
   Uses
      At line 84 in file Src\DFT.s
Comment: Boucle used once
DFT_ModuleAuCarre 00000000

Symbol: DFT_ModuleAuCarre
   Definitions
      At line 24 in file Src\DFT.s
   Uses
      At line 4 in file Src\DFT.s
Comment: DFT_ModuleAuCarre used once
moncode 00000000

Symbol: moncode
   Definitions
      At line 21 in file Src\DFT.s
   Uses
      None
Comment: moncode unused
3 symbols



ARM Macro Assembler    Page 1 Alphabetic symbol ordering
Relocatable symbols

TabCos 00000000

Symbol: TabCos
   Definitions
      At line 106 in file Src\DFT.s
   Uses
      At line 42 in file Src\DFT.s
Comment: TabCos used once
TabSin 00000080

Symbol: TabSin
   Definitions
      At line 171 in file Src\DFT.s
   Uses
      At line 43 in file Src\DFT.s
Comment: TabSin used once
Trigo 00000000

Symbol: Trigo
   Definitions
      At line 103 in file Src\DFT.s
   Uses
      None
Comment: Trigo unused
3 symbols



ARM Macro Assembler    Page 1 Alphabetic symbol ordering
External symbols

LeSignal 00000000

Symbol: LeSignal
   Definitions
      At line 3 in file Src\DFT.s
   Uses
      None
Comment: LeSignal unused
1 symbol
346 symbols in table
