


ARM Macro Assembler    Page 1 


    1 00000000                 PRESERVE8
    2 00000000                 THUMB
    3 00000000                 import           LeSignal
    4 00000000                 export           DFT_ModuleAuCarre
    5 00000000         ; ====================== zone de réservation de données,
                         ======================================
    6 00000000         ;Section RAM (read only) :
    7 00000000                 area             mesdata,data,readonly
    8 00000000         
    9 00000000         
   10 00000000         ;Section RAM (read write):
   11 00000000                 area             maram,data,readwrite
   12 00000000         
   13 00000000 00000000 
                       index   dcd              0
   14 00000004 00000000 
                       Somme   dcd              0
   15 00000008         
   16 00000008         ; ======================================================
                       =========================================
   17 00000008         
   18 00000008         
   19 00000008         
   20 00000008         
   21 00000008         ;Section ROM code (read only) :  
   22 00000008                 area             moncode,code,readonly
   23 00000000         ; écrire le code ici  
   24 00000000         
   25 00000000         DFT_ModuleAuCarre
                               proc
   26 00000000         
   27 00000000         ;short int * tab = Signal64ech;
   28 00000000         ; short int somme = 0;
   29 00000000         ;for (int i=0; i<64;i++){
   30 00000000         ; somme += *tab * tabcos
   31 00000000         ; &tab += 1; 
   32 00000000         
   33 00000000         ;initialisation variable
   34 00000000 E92D 1FF0       push{R4,R5,R6,R7,R8,R9,R10,R11,R12}
   35 00000004         Boucle
   36 00000004         
   37 00000004         ;R0 = adresse Signal
   38 00000004         ;R1 = K
   39 00000004 4B15            LDR              R3,=index
   40 00000006 4C16            LDR              R4,=TabCos
   41 00000008 F8DF 8058       LDR              R8,=Somme
   42 0000000C F8DF A058       LDR              R10,=TabSin
   43 00000010 681A            LDR              R2,[R3]     ;R2 = valeur de l'i
                                                            ndex
   44 00000012         
   45 00000012         
   46 00000012         ; on regarde dans les tableaux
   47 00000012 F930 9012       LDRSH            R9,[R0,R2,lsl#1] ; tab signal
   48 00000016 FB02 F501       MUL              R5,R2,R1    ;R5 = k*n
   49 0000001A         ;modulo
   50 0000001A         ; P And masque &0x003F
   51 0000001A F005 053F       AND              R5,#63
   52 0000001E         
   53 0000001E         



ARM Macro Assembler    Page 2 


   54 0000001E         
   55 0000001E         
   56 0000001E         
   57 0000001E         
   58 0000001E         
   59 0000001E         
   60 0000001E         
   61 0000001E F934 6015       LDRSH            R6,[R4,R5,lsl#1] ; tab cos
   62 00000022 F93A B015       LDRSH            R11,[R10,R5,lsl#1] ;tab sin
   63 00000026         ;calcul
   64 00000026         
   65 00000026         
   66 00000026         ;multiplication X(n) * cos()
   67 00000026 FB09 F506       MUL              R5,R9,R6
   68 0000002A         ;somme
   69 0000002A 442F            ADD              R7,R7,R5
   70 0000002C         
   71 0000002C         ;multipliction X(n) * Sin
   72 0000002C FB09 F50B       MUL              R5,R9,R11
   73 00000030         ;somme 
   74 00000030 44AC            ADD              R12,R12,R5
   75 00000032         
   76 00000032         ;Format 5.27
   77 00000032         
   78 00000032         
   79 00000032         
   80 00000032         
   81 00000032         ;incrementation de l'index
   82 00000032         ; R2 = R2 +1
   83 00000032 F102 0201       ADD              R2,R2,#1
   84 00000036         
   85 00000036         ;modulo
   86 00000036         
   87 00000036         ; P And masque &0x003F
   88 00000036         
   89 00000036         
   90 00000036         ;store 
   91 00000036 601A            STR              R2,[R3]
   92 00000038         
   93 00000038         
   94 00000038         
   95 00000038         
   96 00000038 2A40            CMP              R2,#64
   97 0000003A DBE3            BLT              Boucle
   98 0000003C         ;remise a 0 de l'index
   99 0000003C F04F 0200       MOV              R2,#0
  100 00000040 601A            STR              R2,[R3]
  101 00000042         
  102 00000042         ;on met dans r0 le résultat a retourner 
  103 00000042 FB87 5907       SMULL            R5,R9,R7,R7
  104 00000046 FBCC 590C       SMLAL            R5,R9,R12,R12
  105 0000004A         ;Format 10.22
  106 0000004A         
  107 0000004A 4648            MOV              R0,R9
  108 0000004C         
  109 0000004C         ;remise de R7 à 0
  110 0000004C F04F 0700       MOV              R7,#0
  111 00000050 F8C8 7000       STR              R7,[R8]
  112 00000054         



ARM Macro Assembler    Page 3 


  113 00000054 E8BD 1FF0       pop{R4,R5,R6,R7,R8,R9,R10,R11,R12}
  114 00000058 4770            bx               lr
  115 0000005A         
  116 0000005A                 endp
  117 0000005A         
  118 0000005A         
  119 0000005A         
  120 0000005A         ;Section ROM code (read only) :  
  121 0000005A 00 00 00000000 
              00000000 
              00000000 
              00000000         AREA             Trigo, DATA, READONLY
  122 00000000         ; codage fractionnaire 1.15
  123 00000000         
  124 00000000         TabCos
  125 00000000 FF 7F           DCW              32767       ;  0 0x7fff  0.9999
                                                            7
  126 00000002 62 7F           DCW              32610       ;  1 0x7f62  0.9951
                                                            8
  127 00000004 8A 7D           DCW              32138       ;  2 0x7d8a  0.9807
                                                            7
  128 00000006 7D 7A           DCW              31357       ;  3 0x7a7d  0.9569
                                                            4
  129 00000008 42 76           DCW              30274       ;  4 0x7642  0.9238
                                                            9
  130 0000000A E3 70           DCW              28899       ;  5 0x70e3  0.8819
                                                            3
  131 0000000C 6E 6A           DCW              27246       ;  6 0x6a6e  0.8314
                                                            8
  132 0000000E F2 62           DCW              25330       ;  7 0x62f2  0.7730
                                                            1
  133 00000010 82 5A           DCW              23170       ;  8 0x5a82  0.7070
                                                            9
  134 00000012 34 51           DCW              20788       ;  9 0x5134  0.6344
                                                            0
  135 00000014 1D 47           DCW              18205       ; 10 0x471d  0.5555
                                                            7
  136 00000016 57 3C           DCW              15447       ; 11 0x3c57  0.4714
                                                            1
  137 00000018 FC 30           DCW              12540       ; 12 0x30fc  0.3826
                                                            9
  138 0000001A 28 25           DCW              9512        ; 13 0x2528  0.2902
                                                            8
  139 0000001C F9 18           DCW              6393        ; 14 0x18f9  0.1951
                                                            0
  140 0000001E 8C 0C           DCW              3212        ; 15 0x0c8c  0.0980
                                                            2
  141 00000020 00 00           DCW              0           ; 16 0x0000  0.0000
                                                            0
  142 00000022 74 F3           DCW              -3212       ; 17 0xf374 -0.0980
                                                            2
  143 00000024 07 E7           DCW              -6393       ; 18 0xe707 -0.1951
                                                            0
  144 00000026 D8 DA           DCW              -9512       ; 19 0xdad8 -0.2902
                                                            8
  145 00000028 04 CF           DCW              -12540      ; 20 0xcf04 -0.3826
                                                            9
  146 0000002A A9 C3           DCW              -15447      ; 21 0xc3a9 -0.4714
                                                            1



ARM Macro Assembler    Page 4 


  147 0000002C E3 B8           DCW              -18205      ; 22 0xb8e3 -0.5555
                                                            7
  148 0000002E CC AE           DCW              -20788      ; 23 0xaecc -0.6344
                                                            0
  149 00000030 7E A5           DCW              -23170      ; 24 0xa57e -0.7070
                                                            9
  150 00000032 0E 9D           DCW              -25330      ; 25 0x9d0e -0.7730
                                                            1
  151 00000034 92 95           DCW              -27246      ; 26 0x9592 -0.8314
                                                            8
  152 00000036 1D 8F           DCW              -28899      ; 27 0x8f1d -0.8819
                                                            3
  153 00000038 BE 89           DCW              -30274      ; 28 0x89be -0.9238
                                                            9
  154 0000003A 83 85           DCW              -31357      ; 29 0x8583 -0.9569
                                                            4
  155 0000003C 76 82           DCW              -32138      ; 30 0x8276 -0.9807
                                                            7
  156 0000003E 9E 80           DCW              -32610      ; 31 0x809e -0.9951
                                                            8
  157 00000040 00 80           DCW              -32768      ; 32 0x8000 -1.0000
                                                            0
  158 00000042 9E 80           DCW              -32610      ; 33 0x809e -0.9951
                                                            8
  159 00000044 76 82           DCW              -32138      ; 34 0x8276 -0.9807
                                                            7
  160 00000046 83 85           DCW              -31357      ; 35 0x8583 -0.9569
                                                            4
  161 00000048 BE 89           DCW              -30274      ; 36 0x89be -0.9238
                                                            9
  162 0000004A 1D 8F           DCW              -28899      ; 37 0x8f1d -0.8819
                                                            3
  163 0000004C 92 95           DCW              -27246      ; 38 0x9592 -0.8314
                                                            8
  164 0000004E 0E 9D           DCW              -25330      ; 39 0x9d0e -0.7730
                                                            1
  165 00000050 7E A5           DCW              -23170      ; 40 0xa57e -0.7070
                                                            9
  166 00000052 CC AE           DCW              -20788      ; 41 0xaecc -0.6344
                                                            0
  167 00000054 E3 B8           DCW              -18205      ; 42 0xb8e3 -0.5555
                                                            7
  168 00000056 A9 C3           DCW              -15447      ; 43 0xc3a9 -0.4714
                                                            1
  169 00000058 04 CF           DCW              -12540      ; 44 0xcf04 -0.3826
                                                            9
  170 0000005A D8 DA           DCW              -9512       ; 45 0xdad8 -0.2902
                                                            8
  171 0000005C 07 E7           DCW              -6393       ; 46 0xe707 -0.1951
                                                            0
  172 0000005E 74 F3           DCW              -3212       ; 47 0xf374 -0.0980
                                                            2
  173 00000060 00 00           DCW              0           ; 48 0x0000  0.0000
                                                            0
  174 00000062 8C 0C           DCW              3212        ; 49 0x0c8c  0.0980
                                                            2
  175 00000064 F9 18           DCW              6393        ; 50 0x18f9  0.1951
                                                            0
  176 00000066 28 25           DCW              9512        ; 51 0x2528  0.2902



ARM Macro Assembler    Page 5 


                                                            8
  177 00000068 FC 30           DCW              12540       ; 52 0x30fc  0.3826
                                                            9
  178 0000006A 57 3C           DCW              15447       ; 53 0x3c57  0.4714
                                                            1
  179 0000006C 1D 47           DCW              18205       ; 54 0x471d  0.5555
                                                            7
  180 0000006E 34 51           DCW              20788       ; 55 0x5134  0.6344
                                                            0
  181 00000070 82 5A           DCW              23170       ; 56 0x5a82  0.7070
                                                            9
  182 00000072 F2 62           DCW              25330       ; 57 0x62f2  0.7730
                                                            1
  183 00000074 6E 6A           DCW              27246       ; 58 0x6a6e  0.8314
                                                            8
  184 00000076 E3 70           DCW              28899       ; 59 0x70e3  0.8819
                                                            3
  185 00000078 42 76           DCW              30274       ; 60 0x7642  0.9238
                                                            9
  186 0000007A 7D 7A           DCW              31357       ; 61 0x7a7d  0.9569
                                                            4
  187 0000007C 8A 7D           DCW              32138       ; 62 0x7d8a  0.9807
                                                            7
  188 0000007E 62 7F           DCW              32610       ; 63 0x7f62  0.9951
                                                            8
  189 00000080         TabSin
  190 00000080 00 00           DCW              0           ;  0 0x0000  0.0000
                                                            0
  191 00000082 8C 0C           DCW              3212        ;  1 0x0c8c  0.0980
                                                            2
  192 00000084 F9 18           DCW              6393        ;  2 0x18f9  0.1951
                                                            0
  193 00000086 28 25           DCW              9512        ;  3 0x2528  0.2902
                                                            8
  194 00000088 FC 30           DCW              12540       ;  4 0x30fc  0.3826
                                                            9
  195 0000008A 57 3C           DCW              15447       ;  5 0x3c57  0.4714
                                                            1
  196 0000008C 1D 47           DCW              18205       ;  6 0x471d  0.5555
                                                            7
  197 0000008E 34 51           DCW              20788       ;  7 0x5134  0.6344
                                                            0
  198 00000090 82 5A           DCW              23170       ;  8 0x5a82  0.7070
                                                            9
  199 00000092 F2 62           DCW              25330       ;  9 0x62f2  0.7730
                                                            1
  200 00000094 6E 6A           DCW              27246       ; 10 0x6a6e  0.8314
                                                            8
  201 00000096 E3 70           DCW              28899       ; 11 0x70e3  0.8819
                                                            3
  202 00000098 42 76           DCW              30274       ; 12 0x7642  0.9238
                                                            9
  203 0000009A 7D 7A           DCW              31357       ; 13 0x7a7d  0.9569
                                                            4
  204 0000009C 8A 7D           DCW              32138       ; 14 0x7d8a  0.9807
                                                            7
  205 0000009E 62 7F           DCW              32610       ; 15 0x7f62  0.9951
                                                            8
  206 000000A0 FF 7F           DCW              32767       ; 16 0x7fff  0.9999



ARM Macro Assembler    Page 6 


                                                            7
  207 000000A2 62 7F           DCW              32610       ; 17 0x7f62  0.9951
                                                            8
  208 000000A4 8A 7D           DCW              32138       ; 18 0x7d8a  0.9807
                                                            7
  209 000000A6 7D 7A           DCW              31357       ; 19 0x7a7d  0.9569
                                                            4
  210 000000A8 42 76           DCW              30274       ; 20 0x7642  0.9238
                                                            9
  211 000000AA E3 70           DCW              28899       ; 21 0x70e3  0.8819
                                                            3
  212 000000AC 6E 6A           DCW              27246       ; 22 0x6a6e  0.8314
                                                            8
  213 000000AE F2 62           DCW              25330       ; 23 0x62f2  0.7730
                                                            1
  214 000000B0 82 5A           DCW              23170       ; 24 0x5a82  0.7070
                                                            9
  215 000000B2 34 51           DCW              20788       ; 25 0x5134  0.6344
                                                            0
  216 000000B4 1D 47           DCW              18205       ; 26 0x471d  0.5555
                                                            7
  217 000000B6 57 3C           DCW              15447       ; 27 0x3c57  0.4714
                                                            1
  218 000000B8 FC 30           DCW              12540       ; 28 0x30fc  0.3826
                                                            9
  219 000000BA 28 25           DCW              9512        ; 29 0x2528  0.2902
                                                            8
  220 000000BC F9 18           DCW              6393        ; 30 0x18f9  0.1951
                                                            0
  221 000000BE 8C 0C           DCW              3212        ; 31 0x0c8c  0.0980
                                                            2
  222 000000C0 00 00           DCW              0           ; 32 0x0000  0.0000
                                                            0
  223 000000C2 74 F3           DCW              -3212       ; 33 0xf374 -0.0980
                                                            2
  224 000000C4 07 E7           DCW              -6393       ; 34 0xe707 -0.1951
                                                            0
  225 000000C6 D8 DA           DCW              -9512       ; 35 0xdad8 -0.2902
                                                            8
  226 000000C8 04 CF           DCW              -12540      ; 36 0xcf04 -0.3826
                                                            9
  227 000000CA A9 C3           DCW              -15447      ; 37 0xc3a9 -0.4714
                                                            1
  228 000000CC E3 B8           DCW              -18205      ; 38 0xb8e3 -0.5555
                                                            7
  229 000000CE CC AE           DCW              -20788      ; 39 0xaecc -0.6344
                                                            0
  230 000000D0 7E A5           DCW              -23170      ; 40 0xa57e -0.7070
                                                            9
  231 000000D2 0E 9D           DCW              -25330      ; 41 0x9d0e -0.7730
                                                            1
  232 000000D4 92 95           DCW              -27246      ; 42 0x9592 -0.8314
                                                            8
  233 000000D6 1D 8F           DCW              -28899      ; 43 0x8f1d -0.8819
                                                            3
  234 000000D8 BE 89           DCW              -30274      ; 44 0x89be -0.9238
                                                            9
  235 000000DA 83 85           DCW              -31357      ; 45 0x8583 -0.9569
                                                            4



ARM Macro Assembler    Page 7 


  236 000000DC 76 82           DCW              -32138      ; 46 0x8276 -0.9807
                                                            7
  237 000000DE 9E 80           DCW              -32610      ; 47 0x809e -0.9951
                                                            8
  238 000000E0 00 80           DCW              -32768      ; 48 0x8000 -1.0000
                                                            0
  239 000000E2 9E 80           DCW              -32610      ; 49 0x809e -0.9951
                                                            8
  240 000000E4 76 82           DCW              -32138      ; 50 0x8276 -0.9807
                                                            7
  241 000000E6 83 85           DCW              -31357      ; 51 0x8583 -0.9569
                                                            4
  242 000000E8 BE 89           DCW              -30274      ; 52 0x89be -0.9238
                                                            9
  243 000000EA 1D 8F           DCW              -28899      ; 53 0x8f1d -0.8819
                                                            3
  244 000000EC 92 95           DCW              -27246      ; 54 0x9592 -0.8314
                                                            8
  245 000000EE 0E 9D           DCW              -25330      ; 55 0x9d0e -0.7730
                                                            1
  246 000000F0 7E A5           DCW              -23170      ; 56 0xa57e -0.7070
                                                            9
  247 000000F2 CC AE           DCW              -20788      ; 57 0xaecc -0.6344
                                                            0
  248 000000F4 E3 B8           DCW              -18205      ; 58 0xb8e3 -0.5555
                                                            7
  249 000000F6 A9 C3           DCW              -15447      ; 59 0xc3a9 -0.4714
                                                            1
  250 000000F8 04 CF           DCW              -12540      ; 60 0xcf04 -0.3826
                                                            9
  251 000000FA D8 DA           DCW              -9512       ; 61 0xdad8 -0.2902
                                                            8
  252 000000FC 07 E7           DCW              -6393       ; 62 0xe707 -0.1951
                                                            0
  253 000000FE 74 F3           DCW              -3212       ; 63 0xf374 -0.0980
                                                            2
  254 00000100         
  255 00000100         
  256 00000100         
  257 00000100         
  258 00000100                 END
Command Line: --debug --xref --diag_suppress=9931 --cpu=Cortex-M3 --apcs=interw
ork --depend=.\obj\dft.d -o.\obj\dft.o -I.\RTE\_Simu -IC:\Programdata\Keil\Arm\
Packs\ARM\CMSIS\5.7.0\CMSIS\Core\Include -IC:\Programdata\Keil\Arm\Packs\Keil\S
TM32F1xx_DFP\2.3.0\Device\Include --predefine="__EVAL SETA 1" --predefine="__MI
CROLIB SETA 1" --predefine="__UVISION_VERSION SETA 530" --predefine="_RTE_ SETA
 1" --predefine="STM32F10X_MD SETA 1" --predefine="_RTE_ SETA 1" --list=dft.lst
 Src\DFT.s



ARM Macro Assembler    Page 1 Alphabetic symbol ordering
Relocatable symbols

mesdata 00000000

Symbol: mesdata
   Definitions
      At line 7 in file Src\DFT.s
   Uses
      None
Comment: mesdata unused
1 symbol



ARM Macro Assembler    Page 1 Alphabetic symbol ordering
Relocatable symbols

Somme 00000004

Symbol: Somme
   Definitions
      At line 14 in file Src\DFT.s
   Uses
      At line 41 in file Src\DFT.s
Comment: Somme used once
index 00000000

Symbol: index
   Definitions
      At line 13 in file Src\DFT.s
   Uses
      At line 39 in file Src\DFT.s
Comment: index used once
maram 00000000

Symbol: maram
   Definitions
      At line 11 in file Src\DFT.s
   Uses
      None
Comment: maram unused
3 symbols



ARM Macro Assembler    Page 1 Alphabetic symbol ordering
Relocatable symbols

Boucle 00000004

Symbol: Boucle
   Definitions
      At line 35 in file Src\DFT.s
   Uses
      At line 97 in file Src\DFT.s
Comment: Boucle used once
DFT_ModuleAuCarre 00000000

Symbol: DFT_ModuleAuCarre
   Definitions
      At line 25 in file Src\DFT.s
   Uses
      At line 4 in file Src\DFT.s
Comment: DFT_ModuleAuCarre used once
moncode 00000000

Symbol: moncode
   Definitions
      At line 22 in file Src\DFT.s
   Uses
      None
Comment: moncode unused
3 symbols



ARM Macro Assembler    Page 1 Alphabetic symbol ordering
Relocatable symbols

TabCos 00000000

Symbol: TabCos
   Definitions
      At line 124 in file Src\DFT.s
   Uses
      At line 40 in file Src\DFT.s
Comment: TabCos used once
TabSin 00000080

Symbol: TabSin
   Definitions
      At line 189 in file Src\DFT.s
   Uses
      At line 42 in file Src\DFT.s
Comment: TabSin used once
Trigo 00000000

Symbol: Trigo
   Definitions
      At line 121 in file Src\DFT.s
   Uses
      None
Comment: Trigo unused
3 symbols



ARM Macro Assembler    Page 1 Alphabetic symbol ordering
External symbols

LeSignal 00000000

Symbol: LeSignal
   Definitions
      At line 3 in file Src\DFT.s
   Uses
      None
Comment: LeSignal unused
1 symbol
348 symbols in table
