


ARM Macro Assembler    Page 1 


    1 00000000                 PRESERVE8
    2 00000000                 THUMB
    3 00000000                 import           LeSignal
    4 00000000                 export           DFT_ModuleAuCarre
    5 00000000         ; ====================== zone de réservation de données,
                         ======================================
    6 00000000         ;Section RAM (read only) :
    7 00000000                 area             mesdata,data,readonly
    8 00000000         
    9 00000000         
   10 00000000         ;Section RAM (read write):
   11 00000000                 area             maram,data,readwrite
   12 00000000         
   13 00000000         
   14 00000000         
   15 00000000         ; ======================================================
                       =========================================
   16 00000000         
   17 00000000         
   18 00000000         
   19 00000000         
   20 00000000         ;Section ROM code (read only) :  
   21 00000000                 area             moncode,code,readonly
   22 00000000         ; écrire le code ici  
   23 00000000         
   24 00000000         DFT_ModuleAuCarre
                               proc
   25 00000000         
   26 00000000         ;short int * tab = Signal64ech;
   27 00000000         ; short int somme = 0;
   28 00000000         ;for (int i=0; i<64;i++){
   29 00000000         ; somme += *tab * tabcos
   30 00000000         ; &tab += 1; 
   31 00000000         
   32 00000000         ;initialisation variable
   33 00000000 E92D 1FF0       push{R4,R5,R6,R7,R8,R9,R10,R11,R12}
   34 00000004 F04F 0200       mov              R2,#0
   35 00000008         Boucle
   36 00000008         
   37 00000008         ;R0 = adresse Signal
   38 00000008         ;R1 = K
   39 00000008         
   40 00000008 4C0F            LDR              R4,=TabCos
   41 0000000A F8DF A040       LDR              R10,=TabSin
   42 0000000E         
   43 0000000E         
   44 0000000E         ; on regarde dans les tableaux
   45 0000000E F930 9012       LDRSH            R9,[R0,R2,lsl#1] ; tab signal
   46 00000012 FB02 F501       MUL              R5,R2,R1    ;R5 = k*n
   47 00000016         ;modulo
   48 00000016         ; P And masque &0x003F
   49 00000016 F005 053F       AND              R5,#63
   50 0000001A         
   51 0000001A         ;on regarde dans les tableaux cos et sin
   52 0000001A F934 6015       LDRSH            R6,[R4,R5,lsl#1] ; tab cos
   53 0000001E F93A B015       LDRSH            R11,[R10,R5,lsl#1] ;tab sin
   54 00000022         
   55 00000022         ;calcul
   56 00000022         ;multiplication X(n) * cos()



ARM Macro Assembler    Page 2 


   57 00000022 FB09 F506       MUL              R5,R9,R6
   58 00000026         ;somme
   59 00000026 442F            ADD              R7,R7,R5
   60 00000028         
   61 00000028         ;multipliction X(n) * Sin
   62 00000028 FB09 F50B       MUL              R5,R9,R11
   63 0000002C         ;somme 
   64 0000002C 44AC            ADD              R12,R12,R5
   65 0000002E         
   66 0000002E         ;Format 5.27
   67 0000002E         
   68 0000002E         
   69 0000002E         
   70 0000002E         
   71 0000002E         ;incrementation de l'index
   72 0000002E         ; R2 = R2 +1
   73 0000002E F102 0201       ADD              R2,R2,#1
   74 00000032         
   75 00000032         
   76 00000032         
   77 00000032         
   78 00000032         
   79 00000032         
   80 00000032         
   81 00000032 2A40            CMP              R2,#64
   82 00000034 DBE8            BLT              Boucle
   83 00000036         
   84 00000036         
   85 00000036         ;on met dans r0 le résultat a retourner 
   86 00000036 FB87 5907       SMULL            R5,R9,R7,R7
   87 0000003A FBCC 590C       SMLAL            R5,R9,R12,R12
   88 0000003E         ;Format 10.22
   89 0000003E 4648            MOV              R0,R9       ; cos et sin
   90 00000040         ;MOV R0,R12 ; on regarde sin
   91 00000040         
   92 00000040         
   93 00000040         
   94 00000040 E8BD 1FF0       pop{R4,R5,R6,R7,R8,R9,R10,R11,R12}
   95 00000044 4770            bx               lr
   96 00000046         
   97 00000046                 endp
   98 00000046         
   99 00000046         
  100 00000046         
  101 00000046         ;Section ROM code (read only) :  
  102 00000046 00 00 00000000 
              00000000         AREA             Trigo, DATA, READONLY
  103 00000000         ; codage fractionnaire 1.15
  104 00000000         
  105 00000000         TabCos
  106 00000000 FF 7F           DCW              32767       ;  0 0x7fff  0.9999
                                                            7
  107 00000002 62 7F           DCW              32610       ;  1 0x7f62  0.9951
                                                            8
  108 00000004 8A 7D           DCW              32138       ;  2 0x7d8a  0.9807
                                                            7
  109 00000006 7D 7A           DCW              31357       ;  3 0x7a7d  0.9569
                                                            4
  110 00000008 42 76           DCW              30274       ;  4 0x7642  0.9238



ARM Macro Assembler    Page 3 


                                                            9
  111 0000000A E3 70           DCW              28899       ;  5 0x70e3  0.8819
                                                            3
  112 0000000C 6E 6A           DCW              27246       ;  6 0x6a6e  0.8314
                                                            8
  113 0000000E F2 62           DCW              25330       ;  7 0x62f2  0.7730
                                                            1
  114 00000010 82 5A           DCW              23170       ;  8 0x5a82  0.7070
                                                            9
  115 00000012 34 51           DCW              20788       ;  9 0x5134  0.6344
                                                            0
  116 00000014 1D 47           DCW              18205       ; 10 0x471d  0.5555
                                                            7
  117 00000016 57 3C           DCW              15447       ; 11 0x3c57  0.4714
                                                            1
  118 00000018 FC 30           DCW              12540       ; 12 0x30fc  0.3826
                                                            9
  119 0000001A 28 25           DCW              9512        ; 13 0x2528  0.2902
                                                            8
  120 0000001C F9 18           DCW              6393        ; 14 0x18f9  0.1951
                                                            0
  121 0000001E 8C 0C           DCW              3212        ; 15 0x0c8c  0.0980
                                                            2
  122 00000020 00 00           DCW              0           ; 16 0x0000  0.0000
                                                            0
  123 00000022 74 F3           DCW              -3212       ; 17 0xf374 -0.0980
                                                            2
  124 00000024 07 E7           DCW              -6393       ; 18 0xe707 -0.1951
                                                            0
  125 00000026 D8 DA           DCW              -9512       ; 19 0xdad8 -0.2902
                                                            8
  126 00000028 04 CF           DCW              -12540      ; 20 0xcf04 -0.3826
                                                            9
  127 0000002A A9 C3           DCW              -15447      ; 21 0xc3a9 -0.4714
                                                            1
  128 0000002C E3 B8           DCW              -18205      ; 22 0xb8e3 -0.5555
                                                            7
  129 0000002E CC AE           DCW              -20788      ; 23 0xaecc -0.6344
                                                            0
  130 00000030 7E A5           DCW              -23170      ; 24 0xa57e -0.7070
                                                            9
  131 00000032 0E 9D           DCW              -25330      ; 25 0x9d0e -0.7730
                                                            1
  132 00000034 92 95           DCW              -27246      ; 26 0x9592 -0.8314
                                                            8
  133 00000036 1D 8F           DCW              -28899      ; 27 0x8f1d -0.8819
                                                            3
  134 00000038 BE 89           DCW              -30274      ; 28 0x89be -0.9238
                                                            9
  135 0000003A 83 85           DCW              -31357      ; 29 0x8583 -0.9569
                                                            4
  136 0000003C 76 82           DCW              -32138      ; 30 0x8276 -0.9807
                                                            7
  137 0000003E 9E 80           DCW              -32610      ; 31 0x809e -0.9951
                                                            8
  138 00000040 00 80           DCW              -32768      ; 32 0x8000 -1.0000
                                                            0
  139 00000042 9E 80           DCW              -32610      ; 33 0x809e -0.9951
                                                            8



ARM Macro Assembler    Page 4 


  140 00000044 76 82           DCW              -32138      ; 34 0x8276 -0.9807
                                                            7
  141 00000046 83 85           DCW              -31357      ; 35 0x8583 -0.9569
                                                            4
  142 00000048 BE 89           DCW              -30274      ; 36 0x89be -0.9238
                                                            9
  143 0000004A 1D 8F           DCW              -28899      ; 37 0x8f1d -0.8819
                                                            3
  144 0000004C 92 95           DCW              -27246      ; 38 0x9592 -0.8314
                                                            8
  145 0000004E 0E 9D           DCW              -25330      ; 39 0x9d0e -0.7730
                                                            1
  146 00000050 7E A5           DCW              -23170      ; 40 0xa57e -0.7070
                                                            9
  147 00000052 CC AE           DCW              -20788      ; 41 0xaecc -0.6344
                                                            0
  148 00000054 E3 B8           DCW              -18205      ; 42 0xb8e3 -0.5555
                                                            7
  149 00000056 A9 C3           DCW              -15447      ; 43 0xc3a9 -0.4714
                                                            1
  150 00000058 04 CF           DCW              -12540      ; 44 0xcf04 -0.3826
                                                            9
  151 0000005A D8 DA           DCW              -9512       ; 45 0xdad8 -0.2902
                                                            8
  152 0000005C 07 E7           DCW              -6393       ; 46 0xe707 -0.1951
                                                            0
  153 0000005E 74 F3           DCW              -3212       ; 47 0xf374 -0.0980
                                                            2
  154 00000060 00 00           DCW              0           ; 48 0x0000  0.0000
                                                            0
  155 00000062 8C 0C           DCW              3212        ; 49 0x0c8c  0.0980
                                                            2
  156 00000064 F9 18           DCW              6393        ; 50 0x18f9  0.1951
                                                            0
  157 00000066 28 25           DCW              9512        ; 51 0x2528  0.2902
                                                            8
  158 00000068 FC 30           DCW              12540       ; 52 0x30fc  0.3826
                                                            9
  159 0000006A 57 3C           DCW              15447       ; 53 0x3c57  0.4714
                                                            1
  160 0000006C 1D 47           DCW              18205       ; 54 0x471d  0.5555
                                                            7
  161 0000006E 34 51           DCW              20788       ; 55 0x5134  0.6344
                                                            0
  162 00000070 82 5A           DCW              23170       ; 56 0x5a82  0.7070
                                                            9
  163 00000072 F2 62           DCW              25330       ; 57 0x62f2  0.7730
                                                            1
  164 00000074 6E 6A           DCW              27246       ; 58 0x6a6e  0.8314
                                                            8
  165 00000076 E3 70           DCW              28899       ; 59 0x70e3  0.8819
                                                            3
  166 00000078 42 76           DCW              30274       ; 60 0x7642  0.9238
                                                            9
  167 0000007A 7D 7A           DCW              31357       ; 61 0x7a7d  0.9569
                                                            4
  168 0000007C 8A 7D           DCW              32138       ; 62 0x7d8a  0.9807
                                                            7
  169 0000007E 62 7F           DCW              32610       ; 63 0x7f62  0.9951



ARM Macro Assembler    Page 5 


                                                            8
  170 00000080         TabSin
  171 00000080 00 00           DCW              0           ;  0 0x0000  0.0000
                                                            0
  172 00000082 8C 0C           DCW              3212        ;  1 0x0c8c  0.0980
                                                            2
  173 00000084 F9 18           DCW              6393        ;  2 0x18f9  0.1951
                                                            0
  174 00000086 28 25           DCW              9512        ;  3 0x2528  0.2902
                                                            8
  175 00000088 FC 30           DCW              12540       ;  4 0x30fc  0.3826
                                                            9
  176 0000008A 57 3C           DCW              15447       ;  5 0x3c57  0.4714
                                                            1
  177 0000008C 1D 47           DCW              18205       ;  6 0x471d  0.5555
                                                            7
  178 0000008E 34 51           DCW              20788       ;  7 0x5134  0.6344
                                                            0
  179 00000090 82 5A           DCW              23170       ;  8 0x5a82  0.7070
                                                            9
  180 00000092 F2 62           DCW              25330       ;  9 0x62f2  0.7730
                                                            1
  181 00000094 6E 6A           DCW              27246       ; 10 0x6a6e  0.8314
                                                            8
  182 00000096 E3 70           DCW              28899       ; 11 0x70e3  0.8819
                                                            3
  183 00000098 42 76           DCW              30274       ; 12 0x7642  0.9238
                                                            9
  184 0000009A 7D 7A           DCW              31357       ; 13 0x7a7d  0.9569
                                                            4
  185 0000009C 8A 7D           DCW              32138       ; 14 0x7d8a  0.9807
                                                            7
  186 0000009E 62 7F           DCW              32610       ; 15 0x7f62  0.9951
                                                            8
  187 000000A0 FF 7F           DCW              32767       ; 16 0x7fff  0.9999
                                                            7
  188 000000A2 62 7F           DCW              32610       ; 17 0x7f62  0.9951
                                                            8
  189 000000A4 8A 7D           DCW              32138       ; 18 0x7d8a  0.9807
                                                            7
  190 000000A6 7D 7A           DCW              31357       ; 19 0x7a7d  0.9569
                                                            4
  191 000000A8 42 76           DCW              30274       ; 20 0x7642  0.9238
                                                            9
  192 000000AA E3 70           DCW              28899       ; 21 0x70e3  0.8819
                                                            3
  193 000000AC 6E 6A           DCW              27246       ; 22 0x6a6e  0.8314
                                                            8
  194 000000AE F2 62           DCW              25330       ; 23 0x62f2  0.7730
                                                            1
  195 000000B0 82 5A           DCW              23170       ; 24 0x5a82  0.7070
                                                            9
  196 000000B2 34 51           DCW              20788       ; 25 0x5134  0.6344
                                                            0
  197 000000B4 1D 47           DCW              18205       ; 26 0x471d  0.5555
                                                            7
  198 000000B6 57 3C           DCW              15447       ; 27 0x3c57  0.4714
                                                            1
  199 000000B8 FC 30           DCW              12540       ; 28 0x30fc  0.3826



ARM Macro Assembler    Page 6 


                                                            9
  200 000000BA 28 25           DCW              9512        ; 29 0x2528  0.2902
                                                            8
  201 000000BC F9 18           DCW              6393        ; 30 0x18f9  0.1951
                                                            0
  202 000000BE 8C 0C           DCW              3212        ; 31 0x0c8c  0.0980
                                                            2
  203 000000C0 00 00           DCW              0           ; 32 0x0000  0.0000
                                                            0
  204 000000C2 74 F3           DCW              -3212       ; 33 0xf374 -0.0980
                                                            2
  205 000000C4 07 E7           DCW              -6393       ; 34 0xe707 -0.1951
                                                            0
  206 000000C6 D8 DA           DCW              -9512       ; 35 0xdad8 -0.2902
                                                            8
  207 000000C8 04 CF           DCW              -12540      ; 36 0xcf04 -0.3826
                                                            9
  208 000000CA A9 C3           DCW              -15447      ; 37 0xc3a9 -0.4714
                                                            1
  209 000000CC E3 B8           DCW              -18205      ; 38 0xb8e3 -0.5555
                                                            7
  210 000000CE CC AE           DCW              -20788      ; 39 0xaecc -0.6344
                                                            0
  211 000000D0 7E A5           DCW              -23170      ; 40 0xa57e -0.7070
                                                            9
  212 000000D2 0E 9D           DCW              -25330      ; 41 0x9d0e -0.7730
                                                            1
  213 000000D4 92 95           DCW              -27246      ; 42 0x9592 -0.8314
                                                            8
  214 000000D6 1D 8F           DCW              -28899      ; 43 0x8f1d -0.8819
                                                            3
  215 000000D8 BE 89           DCW              -30274      ; 44 0x89be -0.9238
                                                            9
  216 000000DA 83 85           DCW              -31357      ; 45 0x8583 -0.9569
                                                            4
  217 000000DC 76 82           DCW              -32138      ; 46 0x8276 -0.9807
                                                            7
  218 000000DE 9E 80           DCW              -32610      ; 47 0x809e -0.9951
                                                            8
  219 000000E0 00 80           DCW              -32768      ; 48 0x8000 -1.0000
                                                            0
  220 000000E2 9E 80           DCW              -32610      ; 49 0x809e -0.9951
                                                            8
  221 000000E4 76 82           DCW              -32138      ; 50 0x8276 -0.9807
                                                            7
  222 000000E6 83 85           DCW              -31357      ; 51 0x8583 -0.9569
                                                            4
  223 000000E8 BE 89           DCW              -30274      ; 52 0x89be -0.9238
                                                            9
  224 000000EA 1D 8F           DCW              -28899      ; 53 0x8f1d -0.8819
                                                            3
  225 000000EC 92 95           DCW              -27246      ; 54 0x9592 -0.8314
                                                            8
  226 000000EE 0E 9D           DCW              -25330      ; 55 0x9d0e -0.7730
                                                            1
  227 000000F0 7E A5           DCW              -23170      ; 56 0xa57e -0.7070
                                                            9
  228 000000F2 CC AE           DCW              -20788      ; 57 0xaecc -0.6344
                                                            0



ARM Macro Assembler    Page 7 


  229 000000F4 E3 B8           DCW              -18205      ; 58 0xb8e3 -0.5555
                                                            7
  230 000000F6 A9 C3           DCW              -15447      ; 59 0xc3a9 -0.4714
                                                            1
  231 000000F8 04 CF           DCW              -12540      ; 60 0xcf04 -0.3826
                                                            9
  232 000000FA D8 DA           DCW              -9512       ; 61 0xdad8 -0.2902
                                                            8
  233 000000FC 07 E7           DCW              -6393       ; 62 0xe707 -0.1951
                                                            0
  234 000000FE 74 F3           DCW              -3212       ; 63 0xf374 -0.0980
                                                            2
  235 00000100         
  236 00000100         
  237 00000100         
  238 00000100         
  239 00000100                 END
Command Line: --debug --xref --diag_suppress=9931 --cpu=Cortex-M3 --apcs=interw
ork --depend=.\obj\dft.d -o.\obj\dft.o -I.\RTE\_Simu -IC:\Programdata\Keil\Arm\
Packs\ARM\CMSIS\5.7.0\CMSIS\Core\Include -IC:\Programdata\Keil\Arm\Packs\Keil\S
TM32F1xx_DFP\2.3.0\Device\Include --predefine="__EVAL SETA 1" --predefine="__MI
CROLIB SETA 1" --predefine="__UVISION_VERSION SETA 530" --predefine="_RTE_ SETA
 1" --predefine="STM32F10X_MD SETA 1" --predefine="_RTE_ SETA 1" --list=dft.lst
 Src\DFT.s



ARM Macro Assembler    Page 1 Alphabetic symbol ordering
Relocatable symbols

mesdata 00000000

Symbol: mesdata
   Definitions
      At line 7 in file Src\DFT.s
   Uses
      None
Comment: mesdata unused
1 symbol



ARM Macro Assembler    Page 1 Alphabetic symbol ordering
Relocatable symbols

maram 00000000

Symbol: maram
   Definitions
      At line 11 in file Src\DFT.s
   Uses
      None
Comment: maram unused
1 symbol



ARM Macro Assembler    Page 1 Alphabetic symbol ordering
Relocatable symbols

Boucle 00000008

Symbol: Boucle
   Definitions
      At line 35 in file Src\DFT.s
   Uses
      At line 82 in file Src\DFT.s
Comment: Boucle used once
DFT_ModuleAuCarre 00000000

Symbol: DFT_ModuleAuCarre
   Definitions
      At line 24 in file Src\DFT.s
   Uses
      At line 4 in file Src\DFT.s
Comment: DFT_ModuleAuCarre used once
moncode 00000000

Symbol: moncode
   Definitions
      At line 21 in file Src\DFT.s
   Uses
      None
Comment: moncode unused
3 symbols



ARM Macro Assembler    Page 1 Alphabetic symbol ordering
Relocatable symbols

TabCos 00000000

Symbol: TabCos
   Definitions
      At line 105 in file Src\DFT.s
   Uses
      At line 40 in file Src\DFT.s
Comment: TabCos used once
TabSin 00000080

Symbol: TabSin
   Definitions
      At line 170 in file Src\DFT.s
   Uses
      At line 41 in file Src\DFT.s
Comment: TabSin used once
Trigo 00000000

Symbol: Trigo
   Definitions
      At line 102 in file Src\DFT.s
   Uses
      None
Comment: Trigo unused
3 symbols



ARM Macro Assembler    Page 1 Alphabetic symbol ordering
External symbols

LeSignal 00000000

Symbol: LeSignal
   Definitions
      At line 3 in file Src\DFT.s
   Uses
      None
Comment: LeSignal unused
1 symbol
346 symbols in table
