


ARM Macro Assembler    Page 1 


    1 00000000                 AREA             Signal, DATA, READONLY
    2 00000000                 export           LeSignal
    3 00000000         LeSignal
    4 00000000 A8 0D           DCW              0x0da8      ;  0 3496  0.85352
    5 00000002 72 0C           DCW              0x0c72      ;  1 3186  0.77783
    6 00000004 10 0B           DCW              0x0b10      ;  2 2832  0.69141
    7 00000006 90 09           DCW              0x0990      ;  3 2448  0.59766
    8 00000008 00 08           DCW              0x0800      ;  4 2048  0.50000
    9 0000000A 70 06           DCW              0x0670      ;  5 1648  0.40234
   10 0000000C F0 04           DCW              0x04f0      ;  6 1264  0.30859
   11 0000000E 8E 03           DCW              0x038e      ;  7  910  0.22217
   12 00000010 58 02           DCW              0x0258      ;  8  600  0.14648
   13 00000012 59 01           DCW              0x0159      ;  9  345  0.08423
   14 00000014 9C 00           DCW              0x009c      ; 10  156  0.03809
   15 00000016 27 00           DCW              0x0027      ; 11   39  0.00952
   16 00000018 00 00           DCW              0x0000      ; 12    0  0.00000
   17 0000001A 27 00           DCW              0x0027      ; 13   39  0.00952
   18 0000001C 9C 00           DCW              0x009c      ; 14  156  0.03809
   19 0000001E 59 01           DCW              0x0159      ; 15  345  0.08423
   20 00000020 58 02           DCW              0x0258      ; 16  600  0.14648
   21 00000022 8E 03           DCW              0x038e      ; 17  910  0.22217
   22 00000024 F0 04           DCW              0x04f0      ; 18 1264  0.30859
   23 00000026 70 06           DCW              0x0670      ; 19 1648  0.40234
   24 00000028 00 08           DCW              0x0800      ; 20 2048  0.50000
   25 0000002A 90 09           DCW              0x0990      ; 21 2448  0.59766
   26 0000002C 10 0B           DCW              0x0b10      ; 22 2832  0.69141
   27 0000002E 72 0C           DCW              0x0c72      ; 23 3186  0.77783
   28 00000030 A8 0D           DCW              0x0da8      ; 24 3496  0.85352
   29 00000032 A7 0E           DCW              0x0ea7      ; 25 3751  0.91577
   30 00000034 64 0F           DCW              0x0f64      ; 26 3940  0.96191
   31 00000036 D9 0F           DCW              0x0fd9      ; 27 4057  0.99048
   32 00000038 FF 0F           DCW              0x0fff      ; 28 4095  0.99976
   33 0000003A D9 0F           DCW              0x0fd9      ; 29 4057  0.99048
   34 0000003C 64 0F           DCW              0x0f64      ; 30 3940  0.96191
   35 0000003E A7 0E           DCW              0x0ea7      ; 31 3751  0.91577
   36 00000040 A8 0D           DCW              0x0da8      ; 32 3496  0.85352
   37 00000042 72 0C           DCW              0x0c72      ; 33 3186  0.77783
   38 00000044 10 0B           DCW              0x0b10      ; 34 2832  0.69141
   39 00000046 90 09           DCW              0x0990      ; 35 2448  0.59766
   40 00000048 00 08           DCW              0x0800      ; 36 2048  0.50000
   41 0000004A 70 06           DCW              0x0670      ; 37 1648  0.40234
   42 0000004C F0 04           DCW              0x04f0      ; 38 1264  0.30859
   43 0000004E 8E 03           DCW              0x038e      ; 39  910  0.22217
   44 00000050 58 02           DCW              0x0258      ; 40  600  0.14648
   45 00000052 59 01           DCW              0x0159      ; 41  345  0.08423
   46 00000054 9C 00           DCW              0x009c      ; 42  156  0.03809
   47 00000056 27 00           DCW              0x0027      ; 43   39  0.00952
   48 00000058 00 00           DCW              0x0000      ; 44    0  0.00000
   49 0000005A 27 00           DCW              0x0027      ; 45   39  0.00952
   50 0000005C 9C 00           DCW              0x009c      ; 46  156  0.03809
   51 0000005E 59 01           DCW              0x0159      ; 47  345  0.08423
   52 00000060 58 02           DCW              0x0258      ; 48  600  0.14648
   53 00000062 8E 03           DCW              0x038e      ; 49  910  0.22217
   54 00000064 F0 04           DCW              0x04f0      ; 50 1264  0.30859
   55 00000066 70 06           DCW              0x0670      ; 51 1648  0.40234
   56 00000068 00 08           DCW              0x0800      ; 52 2048  0.50000
   57 0000006A 90 09           DCW              0x0990      ; 53 2448  0.59766
   58 0000006C 10 0B           DCW              0x0b10      ; 54 2832  0.69141
   59 0000006E 72 0C           DCW              0x0c72      ; 55 3186  0.77783



ARM Macro Assembler    Page 2 


   60 00000070 A8 0D           DCW              0x0da8      ; 56 3496  0.85352
   61 00000072 A7 0E           DCW              0x0ea7      ; 57 3751  0.91577
   62 00000074 64 0F           DCW              0x0f64      ; 58 3940  0.96191
   63 00000076 D9 0F           DCW              0x0fd9      ; 59 4057  0.99048
   64 00000078 FF 0F           DCW              0x0fff      ; 60 4095  0.99976
   65 0000007A D9 0F           DCW              0x0fd9      ; 61 4057  0.99048
   66 0000007C 64 0F           DCW              0x0f64      ; 62 3940  0.96191
   67 0000007E A7 0E           DCW              0x0ea7      ; 63 3751  0.91577
   68 00000080                 END
Command Line: --debug --xref --diag_suppress=9931 --cpu=Cortex-M3 --apcs=interw
ork --depend=.\obj\signal.d -o.\obj\signal.o -I.\RTE\_CibleSondeKEIL -IC:\Progr
amdata\Keil\Arm\Packs\ARM\CMSIS\5.7.0\CMSIS\Core\Include -IC:\Programdata\Keil\
Arm\Packs\Keil\STM32F1xx_DFP\2.3.0\Device\Include --predefine="__EVAL SETA 1" -
-predefine="__MICROLIB SETA 1" --predefine="__UVISION_VERSION SETA 530" --prede
fine="_RTE_ SETA 1" --predefine="STM32F10X_MD SETA 1" --predefine="_RTE_ SETA 1
" --list=signal.lst Src\Signal.asm



ARM Macro Assembler    Page 1 Alphabetic symbol ordering
Relocatable symbols

LeSignal 00000000

Symbol: LeSignal
   Definitions
      At line 3 in file Src\Signal.asm
   Uses
      At line 2 in file Src\Signal.asm
Comment: LeSignal used once
Signal 00000000

Symbol: Signal
   Definitions
      At line 1 in file Src\Signal.asm
   Uses
      None
Comment: Signal unused
2 symbols
337 symbols in table
